<?xml version="1.0" encoding="UTF-8" ?>
<testsuite failures="0" time="0.608" errors="0" skipped="0" tests="7" name="com.google.devrel.training.conference.domain.ConferenceTest">
  <properties>
[...]
</properties>
  <testcase time="0.198" classname="com.google.devrel.training.conference.domain.ConferenceTest" name="testBookSeats"/>
  <testcase time="0.002" classname="com.google.devrel.training.conference.domain.ConferenceTest" name="testNullName"/>
  <testcase time="0.011" classname="com.google.devrel.training.conference.domain.ConferenceTest" name="testConference"/>
  <testcase time="0.381" classname="com.google.devrel.training.conference.domain.ConferenceTest" name="testGetOrganizerDisplayName"/>
  <testcase time="0.003" classname="com.google.devrel.training.conference.domain.ConferenceTest" name="testReturnSeatsFailure"/>
  <testcase time="0.004" classname="com.google.devrel.training.conference.domain.ConferenceTest" name="testBookSeatsFailure"/>
  <testcase time="0.009" classname="com.google.devrel.training.conference.domain.ConferenceTest" name="testReturnSeats"/>
</testsuite>